Usuario logueado:
Tipo: Administrador
Nombre: Michael Jordan
Correo: admin@admin.com
Legajo: 5
Fecha: 30/6/2024 21:04:05

Usuario logueado:
Tipo: Vendedor
Nombre: Steve Harris
Correo: sharris@maiden.com.uk
Legajo: 3
Fecha: 30/6/2024 21:04:44

Usuario logueado:
Tipo: Administrador
Nombre: Michael Jordan
Correo: admin@admin.com
Legajo: 5
Fecha: 30/6/2024 21:05:14

Usuario logueado:
Tipo: Administrador
Nombre: Michael Jordan
Correo: admin@admin.com
Legajo: 5
Fecha: 30/6/2024 21:07:59

Usuario logueado:
Tipo: Administrador
Nombre: Michael Jordan
Correo: admin@admin.com
Legajo: 5
Fecha: 30/6/2024 21:11:05

Usuario logueado:
Tipo: Administrador
Nombre: Michael Jordan
Correo: admin@admin.com
Legajo: 5
Fecha: 30/6/2024 21:17:30

Usuario logueado:
Tipo: Administrador
Nombre: Michael Jordan
Correo: admin@admin.com
Legajo: 5
Fecha: 30/6/2024 21:19:19

Usuario logueado:
Tipo: Administrador
Nombre: Michael Jordan
Correo: admin@admin.com
Legajo: 5
Fecha: 30/6/2024 21:23:47

Usuario logueado:
Tipo: Administrador
Nombre: Michael Jordan
Correo: admin@admin.com
Legajo: 5
Fecha: 30/6/2024 21:26:31

Usuario logueado:
Tipo: Administrador
Nombre: Michael Jordan
Correo: admin@admin.com
Legajo: 5
Fecha: 30/6/2024 21:27:20

Usuario logueado:
Tipo: Administrador
Nombre: Michael Jordan
Correo: admin@admin.com
Legajo: 5
Fecha: 30/6/2024 21:28:43

Usuario logueado:
Tipo: Administrador
Nombre: Michael Jordan
Correo: admin@admin.com
Legajo: 5
Fecha: 30/6/2024 21:29:18

Usuario logueado:
Tipo: Administrador
Nombre: Michael Jordan
Correo: admin@admin.com
Legajo: 5
Fecha: 30/6/2024 21:32:15

Usuario logueado:
Tipo: Administrador
Nombre: Michael Jordan
Correo: admin@admin.com
Legajo: 5
Fecha: 30/6/2024 21:32:49

Usuario logueado:
Tipo: Administrador
Nombre: Michael Jordan
Correo: admin@admin.com
Legajo: 5
Fecha: 30/6/2024 21:35:41

Usuario logueado:
Tipo: Administrador
Nombre: Michael Jordan
Correo: admin@admin.com
Legajo: 5
Fecha: 30/6/2024 21:38:46

Usuario logueado:
Tipo: Administrador
Nombre: Michael Jordan
Correo: admin@admin.com
Legajo: 5
Fecha: 30/6/2024 21:40:05

Usuario logueado:
Tipo: Administrador
Nombre: Michael Jordan
Correo: admin@admin.com
Legajo: 5
Fecha: 30/6/2024 21:47:42

Usuario logueado:
Tipo: Administrador
Nombre: Michael Jordan
Correo: admin@admin.com
Legajo: 5
Fecha: 30/6/2024 22:27:48

Usuario logueado:
Tipo: Administrador
Nombre: Michael Jordan
Correo: admin@admin.com
Legajo: 5
Fecha: 30/6/2024 22:29:07

Usuario logueado:
Tipo: Administrador
Nombre: Michael Jordan
Correo: admin@admin.com
Legajo: 5
Fecha: 30/6/2024 22:30:56

Usuario logueado:
Tipo: Administrador
Nombre: Michael Jordan
Correo: admin@admin.com
Legajo: 5
Fecha: 30/6/2024 22:32:17

Usuario logueado:
Tipo: Administrador
Nombre: Michael Jordan
Correo: admin@admin.com
Legajo: 5
Fecha: 30/6/2024 22:35:36

Usuario logueado:
Tipo: Administrador
Nombre: Michael Jordan
Correo: admin@admin.com
Legajo: 5
Fecha: 30/6/2024 22:39:58

